<?xml version="1.0" encoding="UTF-8"?>
<testng-results ignored="0" total="1" passed="1" failed="0" skipped="0">
  <reporter-output>
  </reporter-output>
  <suite started-at="2022-11-06T15:33:01 PKT" name="Default suite" finished-at="2022-11-06T15:33:04 PKT" duration-ms="2818">
    <groups>
    </groups>
    <test started-at="2022-11-06T15:33:01 PKT" name="Default test" finished-at="2022-11-06T15:33:04 PKT" duration-ms="2818">
      <class name="steps.testOne">
        <test-method signature="test_1()[pri:0, instance:steps.testOne@1b7cc17c]" started-at="2022-11-06T15:33:01 PKT" name="test_1" finished-at="2022-11-06T15:33:04 PKT" duration-ms="2756" status="PASS">
          <reporter-output>
          </reporter-output>
        </test-method> <!-- test_1 -->
      </class> <!-- steps.testOne -->
    </test> <!-- Default test -->
  </suite> <!-- Default suite -->
</testng-results>
